<?xml version="1.0" encoding="UTF-8"?>
<!-- Generated by org.testng.reporters.JUnitReportReporter -->
<testsuite hostname="tangtao-PC" name="main.testcase.GatheringList.gatheringList" tests="4" failures="0" timestamp="1 Jun 2016 06:21:41 GMT" time="0.158" errors="0">
  <testcase name="Gl" time="0.035" classname="main.testcase.GatheringList.gatheringList"/>
  <testcase name="Gl" time="0.030" classname="main.testcase.GatheringList.gatheringList"/>
  <testcase name="Gl" time="0.028" classname="main.testcase.GatheringList.gatheringList"/>
  <testcase name="Gl" time="0.065" classname="main.testcase.GatheringList.gatheringList"/>
</testsuite> <!-- main.testcase.GatheringList.gatheringList -->
