<?xml version="1.0" encoding="UTF-8"?>
<!-- Generated by org.testng.reporters.JUnitReportReporter -->
<testsuite hostname="tangtao-PC" name="main.testcase.RegisterAndlogin.managerCompleteRegistration" tests="8" failures="0" timestamp="1 Jun 2016 06:21:41 GMT" time="0.433" errors="0">
  <testcase name="mcr_exresult" time="0.039" classname="main.testcase.RegisterAndlogin.managerCompleteRegistration"/>
  <testcase name="mcr_exresult" time="0.126" classname="main.testcase.RegisterAndlogin.managerCompleteRegistration"/>
  <testcase name="mcr_exresult" time="0.041" classname="main.testcase.RegisterAndlogin.managerCompleteRegistration"/>
  <testcase name="mcr_exresult" time="0.045" classname="main.testcase.RegisterAndlogin.managerCompleteRegistration"/>
  <testcase name="mcr_exresult" time="0.050" classname="main.testcase.RegisterAndlogin.managerCompleteRegistration"/>
  <testcase name="mcr_exresult" time="0.040" classname="main.testcase.RegisterAndlogin.managerCompleteRegistration"/>
  <testcase name="mcr_exresult" time="0.044" classname="main.testcase.RegisterAndlogin.managerCompleteRegistration"/>
  <testcase name="mcr_exresult" time="0.048" classname="main.testcase.RegisterAndlogin.managerCompleteRegistration"/>
</testsuite> <!-- main.testcase.RegisterAndlogin.managerCompleteRegistration -->
