<?xml version="1.0" encoding="UTF-8"?>
<!-- Generated by org.testng.reporters.JUnitReportReporter -->
<testsuite hostname="tangtao-PC" name="main.testcase.ManagementClerk.addShopAssistant" tests="9" failures="0" timestamp="1 Jun 2016 06:21:41 GMT" time="7.705" errors="0">
  <testcase name="asa_result" time="0.888" classname="main.testcase.ManagementClerk.addShopAssistant"/>
  <testcase name="asa_result" time="0.876" classname="main.testcase.ManagementClerk.addShopAssistant"/>
  <testcase name="asa_result" time="0.865" classname="main.testcase.ManagementClerk.addShopAssistant"/>
  <testcase name="asa_result" time="0.877" classname="main.testcase.ManagementClerk.addShopAssistant"/>
  <testcase name="asa_result" time="0.860" classname="main.testcase.ManagementClerk.addShopAssistant"/>
  <testcase name="asa_result" time="0.867" classname="main.testcase.ManagementClerk.addShopAssistant"/>
  <testcase name="asa_result" time="0.844" classname="main.testcase.ManagementClerk.addShopAssistant"/>
  <testcase name="asa_result" time="0.749" classname="main.testcase.ManagementClerk.addShopAssistant"/>
  <testcase name="asa_result" time="0.879" classname="main.testcase.ManagementClerk.addShopAssistant"/>
</testsuite> <!-- main.testcase.ManagementClerk.addShopAssistant -->
