<?xml version="1.0" encoding="UTF-8"?>
<!-- Generated by org.testng.reporters.JUnitReportReporter -->
<testsuite hostname="tangtao-PC" name="main.testcase.Discover.discoveryModules" tests="3" failures="0" timestamp="1 Jun 2016 06:21:41 GMT" time="0.123" errors="0">
  <testcase name="dc_code" time="0.042" classname="main.testcase.Discover.discoveryModules"/>
  <testcase name="dc_code" time="0.041" classname="main.testcase.Discover.discoveryModules"/>
  <testcase name="dc_code" time="0.040" classname="main.testcase.Discover.discoveryModules"/>
</testsuite> <!-- main.testcase.Discover.discoveryModules -->
