<?xml version="1.0" encoding="UTF-8"?>
<!-- Generated by org.testng.reporters.JUnitReportReporter -->
<testsuite hostname="tangtao-PC" name="main.testcase.RegisterAndlogin.register" tests="6" failures="0" timestamp="1 Jun 2016 06:21:41 GMT" time="4.336" errors="0">
  <testcase name="register_result" time="0.727" classname="main.testcase.RegisterAndlogin.register"/>
  <testcase name="register_result" time="0.661" classname="main.testcase.RegisterAndlogin.register"/>
  <testcase name="register_result" time="0.732" classname="main.testcase.RegisterAndlogin.register"/>
  <testcase name="register_result" time="0.717" classname="main.testcase.RegisterAndlogin.register"/>
  <testcase name="register_result" time="0.740" classname="main.testcase.RegisterAndlogin.register"/>
  <testcase name="register_result" time="0.759" classname="main.testcase.RegisterAndlogin.register"/>
</testsuite> <!-- main.testcase.RegisterAndlogin.register -->
