<?xml version="1.0" encoding="UTF-8"?>
<!-- Generated by org.testng.reporters.JUnitReportReporter -->
<testsuite hostname="tangtao-PC" name="main.testcase.RegisterAndlogin.checkShopName" tests="3" failures="0" timestamp="1 Jun 2016 06:21:41 GMT" time="0.144" errors="0">
  <testcase name="checkHsopName" time="0.061" classname="main.testcase.RegisterAndlogin.checkShopName"/>
  <testcase name="checkHsopName" time="0.050" classname="main.testcase.RegisterAndlogin.checkShopName"/>
  <testcase name="checkHsopName" time="0.033" classname="main.testcase.RegisterAndlogin.checkShopName"/>
</testsuite> <!-- main.testcase.RegisterAndlogin.checkShopName -->
