<?xml version="1.0" encoding="UTF-8"?>
<!-- Generated by org.testng.reporters.JUnitReportReporter -->
<testsuite hostname="tangtao-PC" name="main.testcase.Setting.personalCenter" tests="4" failures="0" timestamp="1 Jun 2016 06:21:41 GMT" time="0.204" errors="0">
  <testcase name="personCentre_result" time="0.060" classname="main.testcase.Setting.personalCenter"/>
  <testcase name="personCentre_result" time="0.046" classname="main.testcase.Setting.personalCenter"/>
  <testcase name="personCentre_result" time="0.048" classname="main.testcase.Setting.personalCenter"/>
  <testcase name="personCentre_result" time="0.050" classname="main.testcase.Setting.personalCenter"/>
</testsuite> <!-- main.testcase.Setting.personalCenter -->
