<?xml version="1.0" encoding="UTF-8"?>
<!-- Generated by org.testng.reporters.JUnitReportReporter -->
<testsuite hostname="tangtao-PC" name="test.unit.Readexcel" tests="2" failures="0" timestamp="13 May 2016 05:02:44 GMT" time="0.018" errors="0">
  <testcase name="tes1t" time="0.017" classname="test.unit.Readexcel"/>
  <testcase name="tes1t" time="0.001" classname="test.unit.Readexcel"/>
</testsuite> <!-- test.unit.Readexcel -->
