<?xml version="1.0" encoding="UTF-8"?>
<!-- Generated by org.testng.reporters.JUnitReportReporter -->
<testsuite hostname="tangtao-PC" name="main.testcase.getTimeRange" tests="2" failures="0" timestamp="6 Jun 2016 06:36:23 GMT" time="0.731" errors="0">
  <testcase name="getTimeRange" time="0.688" classname="main.testcase.getTimeRange"/>
  <testcase name="getTimeRange" time="0.043" classname="main.testcase.getTimeRange"/>
</testsuite> <!-- main.testcase.getTimeRange -->
