<?xml version="1.0" encoding="UTF-8"?>
<!-- Generated by org.testng.reporters.JUnitReportReporter -->
<testsuite hostname="tangtao-PC" name="main.testcase.Other.upgradeToRemind" tests="1" failures="0" timestamp="1 Jun 2016 06:21:41 GMT" time="0.025" errors="0">
  <testcase name="utr_code" time="0.025" classname="main.testcase.Other.upgradeToRemind"/>
</testsuite> <!-- main.testcase.Other.upgradeToRemind -->
