<?xml version="1.0" encoding="UTF-8"?>
<!-- Generated by org.testng.reporters.JUnitReportReporter -->
<testsuite hostname="tangtao-PC" name="main.testcase.CashCliiection.cashCliiection" tests="2" failures="0" timestamp="1 Jun 2016 06:21:41 GMT" time="1.329" errors="0">
  <testcase name="cashcollection" time="0.703" classname="main.testcase.CashCliiection.cashCliiection"/>
  <testcase name="cashcollection" time="0.626" classname="main.testcase.CashCliiection.cashCliiection"/>
</testsuite> <!-- main.testcase.CashCliiection.cashCliiection -->
