<?xml version="1.0" encoding="UTF-8"?>
<!-- Generated by org.testng.reporters.JUnitReportReporter -->
<testsuite hostname="tangtao-PC" name="main.testcase.Wallet.withdrawalRecordList" tests="1" failures="0" timestamp="1 Jun 2016 06:21:41 GMT" time="0.059" errors="0">
  <testcase name="wrl_code" time="0.059" classname="main.testcase.Wallet.withdrawalRecordList"/>
</testsuite> <!-- main.testcase.Wallet.withdrawalRecordList -->
