<?xml version="1.0" encoding="UTF-8"?>
<!-- Generated by org.testng.reporters.JUnitReportReporter -->
<testsuite hostname="tangtao-PC" name="main.testcase.RegisterAndlogin.retrievePassword" tests="9" failures="0" timestamp="1 Jun 2016 06:21:41 GMT" time="6.252" errors="0">
  <testcase name="rp_result" time="0.724" classname="main.testcase.RegisterAndlogin.retrievePassword"/>
  <testcase name="rp_result" time="0.636" classname="main.testcase.RegisterAndlogin.retrievePassword"/>
  <testcase name="rp_result" time="0.744" classname="main.testcase.RegisterAndlogin.retrievePassword"/>
  <testcase name="rp_result" time="0.700" classname="main.testcase.RegisterAndlogin.retrievePassword"/>
  <testcase name="rp_result" time="0.714" classname="main.testcase.RegisterAndlogin.retrievePassword"/>
  <testcase name="rp_result" time="0.627" classname="main.testcase.RegisterAndlogin.retrievePassword"/>
  <testcase name="rp_result" time="0.728" classname="main.testcase.RegisterAndlogin.retrievePassword"/>
  <testcase name="rp_result" time="0.641" classname="main.testcase.RegisterAndlogin.retrievePassword"/>
  <testcase name="rp_result" time="0.738" classname="main.testcase.RegisterAndlogin.retrievePassword"/>
</testsuite> <!-- main.testcase.RegisterAndlogin.retrievePassword -->
