<?xml version="1.0" encoding="UTF-8"?>
<!-- Generated by org.testng.reporters.JUnitReportReporter -->
<testsuite hostname="tangtao-PC" name="main.testcase.Wallet.BeforeTheWithdrawalInformationQuery" tests="4" failures="0" timestamp="1 Jun 2016 06:21:41 GMT" time="4.136" errors="0">
  <testcase name="btwiq" time="1.024" classname="main.testcase.Wallet.BeforeTheWithdrawalInformationQuery"/>
  <testcase name="btwiq" time="1.024" classname="main.testcase.Wallet.BeforeTheWithdrawalInformationQuery"/>
  <testcase name="btwiq" time="1.065" classname="main.testcase.Wallet.BeforeTheWithdrawalInformationQuery"/>
  <testcase name="btwiq" time="1.023" classname="main.testcase.Wallet.BeforeTheWithdrawalInformationQuery"/>
</testsuite> <!-- main.testcase.Wallet.BeforeTheWithdrawalInformationQuery -->
