<?xml version="1.0" encoding="UTF-8"?>
<!-- Generated by org.testng.reporters.JUnitReportReporter -->
<testsuite hostname="tangtao-PC" name="main.testcase.Other.accessToSystemConfigurationTables" tests="3" failures="0" timestamp="1 Jun 2016 06:21:41 GMT" time="0.088" errors="0">
  <testcase name="atsct" time="0.025" classname="main.testcase.Other.accessToSystemConfigurationTables"/>
  <testcase name="atsct" time="0.023" classname="main.testcase.Other.accessToSystemConfigurationTables"/>
  <testcase name="atsct" time="0.040" classname="main.testcase.Other.accessToSystemConfigurationTables"/>
</testsuite> <!-- main.testcase.Other.accessToSystemConfigurationTables -->
