<?xml version="1.0" encoding="UTF-8"?>
<!-- Generated by org.testng.reporters.JUnitReportReporter -->
<testsuite hostname="tangtao-PC" name="main.testcase.IdentityAuthentication.certificationStatusQuery" tests="1" failures="0" timestamp="26 May 2016 06:56:04 GMT" time="0.521" errors="0">
  <testcase name="csq_code" time="0.521" classname="main.testcase.IdentityAuthentication.certificationStatusQuery"/>
</testsuite> <!-- main.testcase.IdentityAuthentication.certificationStatusQuery -->
