<?xml version="1.0" encoding="UTF-8"?>
<!-- Generated by org.testng.reporters.JUnitReportReporter -->
<testsuite hostname="tangtao-PC" name="main.testcase.Other.sessionGuid" tests="1" failures="0" timestamp="1 Jun 2016 06:21:41 GMT" time="0.057" errors="0">
  <testcase name="sessionguid_code" time="0.057" classname="main.testcase.Other.sessionGuid"/>
</testsuite> <!-- main.testcase.Other.sessionGuid -->
