<?xml version="1.0" encoding="UTF-8"?>
<!-- Generated by org.testng.reporters.JUnitReportReporter -->
<testsuite hostname="tangtao-PC" name="main.testcase.Other.pushToken" tests="1" failures="0" timestamp="1 Jun 2016 06:21:41 GMT" time="0.676" errors="0">
  <testcase name="pt_result" time="0.676" classname="main.testcase.Other.pushToken"/>
</testsuite> <!-- main.testcase.Other.pushToken -->
