<?xml version="1.0" encoding="UTF-8"?>
<!-- Generated by org.testng.reporters.JUnitReportReporter -->
<testsuite hostname="tangtao-PC" name="main.testcase.Wallet.accountBalance" tests="4" failures="0" timestamp="1 Jun 2016 06:21:41 GMT" time="0.139" errors="0">
  <testcase name="ab" time="0.025" classname="main.testcase.Wallet.accountBalance"/>
  <testcase name="ab" time="0.067" classname="main.testcase.Wallet.accountBalance"/>
  <testcase name="ab" time="0.022" classname="main.testcase.Wallet.accountBalance"/>
  <testcase name="ab" time="0.025" classname="main.testcase.Wallet.accountBalance"/>
</testsuite> <!-- main.testcase.Wallet.accountBalance -->
