<?xml version="1.0" encoding="UTF-8"?>
<!-- Generated by org.testng.reporters.JUnitReportReporter -->
<testsuite hostname="tangtao-PC" name="main.testcase.ReverseScan.atheringCodeShop" tests="4" failures="0" timestamp="1 Jun 2016 06:21:41 GMT" time="0.126" errors="0">
  <testcase name="acs_code" time="0.021" classname="main.testcase.ReverseScan.atheringCodeShop"/>
  <testcase name="acs_code" time="0.023" classname="main.testcase.ReverseScan.atheringCodeShop"/>
  <testcase name="acs_code" time="0.023" classname="main.testcase.ReverseScan.atheringCodeShop"/>
  <testcase name="acs_code" time="0.059" classname="main.testcase.ReverseScan.atheringCodeShop"/>
</testsuite> <!-- main.testcase.ReverseScan.atheringCodeShop -->
