<?xml version="1.0" encoding="UTF-8"?>
<!-- Generated by org.testng.reporters.JUnitReportReporter -->
<testsuite hostname="tangtao-PC" name="main.testcase.ManagementClerk.queryAssistantInformation" tests="5" failures="0" timestamp="1 Jun 2016 06:21:41 GMT" time="0.165" errors="0">
  <testcase name="QAI_code" time="0.044" classname="main.testcase.ManagementClerk.queryAssistantInformation"/>
  <testcase name="QAI_code" time="0.048" classname="main.testcase.ManagementClerk.queryAssistantInformation"/>
  <testcase name="QAI_code" time="0.021" classname="main.testcase.ManagementClerk.queryAssistantInformation"/>
  <testcase name="QAI_code" time="0.024" classname="main.testcase.ManagementClerk.queryAssistantInformation"/>
  <testcase name="QAI_code" time="0.028" classname="main.testcase.ManagementClerk.queryAssistantInformation"/>
</testsuite> <!-- main.testcase.ManagementClerk.queryAssistantInformation -->
