<?xml version="1.0" encoding="UTF-8"?>
<!-- Generated by org.testng.reporters.JUnitReportReporter -->
<testsuite hostname="tangtao-PC" name="main.testcase.RegisterAndlogin.login" tests="6" failures="0" timestamp="1 Jun 2016 06:21:41 GMT" time="5.526" errors="0">
  <testcase name="login" time="0.801" classname="main.testcase.RegisterAndlogin.login"/>
  <testcase name="login" time="0.859" classname="main.testcase.RegisterAndlogin.login"/>
  <testcase name="login" time="0.833" classname="main.testcase.RegisterAndlogin.login"/>
  <testcase name="login" time="0.757" classname="main.testcase.RegisterAndlogin.login"/>
  <testcase name="login" time="1.486" classname="main.testcase.RegisterAndlogin.login"/>
  <testcase name="login" time="0.790" classname="main.testcase.RegisterAndlogin.login"/>
</testsuite> <!-- main.testcase.RegisterAndlogin.login -->
