<?xml version="1.0" encoding="UTF-8"?>
<!-- Generated by org.testng.reporters.JUnitReportReporter -->
<testsuite hostname="tangtao-PC" name="main.testcase.getTimeAccount" tests="1" failures="0" timestamp="8 Jun 2016 05:54:51 GMT" time="1.139" errors="0">
  <testcase name="getTimeAccount" time="1.139" classname="main.testcase.getTimeAccount"/>
</testsuite> <!-- main.testcase.getTimeAccount -->
