<?xml version="1.0" encoding="UTF-8"?>
<!-- Generated by org.testng.reporters.JUnitReportReporter -->
<testsuite hostname="tangtao-PC" name="main.testcase.ReverseScan.isActiveCode" tests="5" failures="0" timestamp="1 Jun 2016 06:21:41 GMT" time="0.140" errors="0">
  <testcase name="iac" time="0.030" classname="main.testcase.ReverseScan.isActiveCode"/>
  <testcase name="iac" time="0.043" classname="main.testcase.ReverseScan.isActiveCode"/>
  <testcase name="iac" time="0.021" classname="main.testcase.ReverseScan.isActiveCode"/>
  <testcase name="iac" time="0.023" classname="main.testcase.ReverseScan.isActiveCode"/>
  <testcase name="iac" time="0.023" classname="main.testcase.ReverseScan.isActiveCode"/>
</testsuite> <!-- main.testcase.ReverseScan.isActiveCode -->
