<?xml version="1.0" encoding="UTF-8"?>
<!-- Generated by org.testng.reporters.JUnitReportReporter -->
<testsuite hostname="tangtao-PC" name="main.testcase.Wallet.withdraw_already" tests="1" failures="0" timestamp="1 Jun 2016 06:21:41 GMT" time="2.725" errors="0">
  <testcase name="w_al" time="2.725" classname="main.testcase.Wallet.withdraw_already"/>
</testsuite> <!-- main.testcase.Wallet.withdraw_already -->
