<?xml version="1.0" encoding="UTF-8"?>
<!-- Generated by org.testng.reporters.JUnitReportReporter -->
<testsuite hostname="tangtao-PC" name="main.testcase.RegisterAndlogin.completeRegistrationClerk" tests="9" failures="0" timestamp="1 Jun 2016 06:21:41 GMT" time="6.522" errors="0">
  <testcase name="cp_result" time="0.704" classname="main.testcase.RegisterAndlogin.completeRegistrationClerk"/>
  <testcase name="cp_result" time="0.767" classname="main.testcase.RegisterAndlogin.completeRegistrationClerk"/>
  <testcase name="cp_result" time="0.724" classname="main.testcase.RegisterAndlogin.completeRegistrationClerk"/>
  <testcase name="cp_result" time="0.732" classname="main.testcase.RegisterAndlogin.completeRegistrationClerk"/>
  <testcase name="cp_result" time="0.746" classname="main.testcase.RegisterAndlogin.completeRegistrationClerk"/>
  <testcase name="cp_result" time="0.601" classname="main.testcase.RegisterAndlogin.completeRegistrationClerk"/>
  <testcase name="cp_result" time="0.742" classname="main.testcase.RegisterAndlogin.completeRegistrationClerk"/>
  <testcase name="cp_result" time="0.769" classname="main.testcase.RegisterAndlogin.completeRegistrationClerk"/>
  <testcase name="cp_result" time="0.737" classname="main.testcase.RegisterAndlogin.completeRegistrationClerk"/>
</testsuite> <!-- main.testcase.RegisterAndlogin.completeRegistrationClerk -->
