<?xml version="1.0" encoding="UTF-8"?>
<!-- Generated by org.testng.reporters.JUnitReportReporter -->
<testsuite hostname="tangtao-PC" name="main.testcase.ReverseScan.activeThecode" tests="9" failures="0" timestamp="1 Jun 2016 06:21:41 GMT" time="7.698" errors="0">
  <testcase name="active" time="0.043" classname="main.testcase.ReverseScan.activeThecode"/>
  <testcase name="active" time="0.047" classname="main.testcase.ReverseScan.activeThecode"/>
  <testcase name="active" time="0.036" classname="main.testcase.ReverseScan.activeThecode"/>
  <testcase name="active" time="0.041" classname="main.testcase.ReverseScan.activeThecode"/>
  <testcase name="active" time="0.075" classname="main.testcase.ReverseScan.activeThecode"/>
  <testcase name="active" time="0.043" classname="main.testcase.ReverseScan.activeThecode"/>
  <testcase name="active" time="7.230" classname="main.testcase.ReverseScan.activeThecode"/>
  <testcase name="active" time="0.066" classname="main.testcase.ReverseScan.activeThecode"/>
  <testcase name="active" time="0.117" classname="main.testcase.ReverseScan.activeThecode"/>
</testsuite> <!-- main.testcase.ReverseScan.activeThecode -->
