<?xml version="1.0" encoding="UTF-8"?>
<!-- Generated by org.testng.reporters.JUnitReportReporter -->
<testsuite hostname="tangtao-PC" name="main.testcase.GatheringList.collectionSchedule" tests="6" failures="0" timestamp="1 Jun 2016 06:21:41 GMT" time="4.269" errors="0">
  <testcase name="collectionSchedule" time="0.663" classname="main.testcase.GatheringList.collectionSchedule"/>
  <testcase name="collectionSchedule" time="0.749" classname="main.testcase.GatheringList.collectionSchedule"/>
  <testcase name="collectionSchedule" time="0.627" classname="main.testcase.GatheringList.collectionSchedule"/>
  <testcase name="collectionSchedule" time="0.738" classname="main.testcase.GatheringList.collectionSchedule"/>
  <testcase name="collectionSchedule" time="0.743" classname="main.testcase.GatheringList.collectionSchedule"/>
  <testcase name="collectionSchedule" time="0.749" classname="main.testcase.GatheringList.collectionSchedule"/>
</testsuite> <!-- main.testcase.GatheringList.collectionSchedule -->
