<?xml version="1.0" encoding="UTF-8"?>
<!-- Generated by org.testng.reporters.JUnitReportReporter -->
<testsuite hostname="tangtao-PC" name="main.testcase.RegisterAndlogin.getAuthCode" tests="7" failures="0" timestamp="1 Jun 2016 06:21:41 GMT" time="0.436" errors="0">
  <testcase name="getAuthCode_code" time="0.031" classname="main.testcase.RegisterAndlogin.getAuthCode"/>
  <testcase name="getAuthCode_code" time="0.026" classname="main.testcase.RegisterAndlogin.getAuthCode"/>
  <testcase name="getAuthCode_code" time="0.097" classname="main.testcase.RegisterAndlogin.getAuthCode"/>
  <testcase name="getAuthCode_code" time="0.155" classname="main.testcase.RegisterAndlogin.getAuthCode"/>
  <testcase name="getAuthCode_code" time="0.030" classname="main.testcase.RegisterAndlogin.getAuthCode"/>
  <testcase name="getAuthCode_code" time="0.030" classname="main.testcase.RegisterAndlogin.getAuthCode"/>
  <testcase name="getAuthCode_code" time="0.067" classname="main.testcase.RegisterAndlogin.getAuthCode"/>
</testsuite> <!-- main.testcase.RegisterAndlogin.getAuthCode -->
