<?xml version="1.0" encoding="UTF-8"?>
<!-- Generated by org.testng.reporters.JUnitReportReporter -->
<testsuite hostname="tangtao-PC" name="main.unit.readexcel" tests="1" failures="0" timestamp="6 Jun 2016 08:43:57 GMT" time="0.023" errors="0">
  <testcase name="tes1t" time="0.023" classname="main.unit.readexcel"/>
</testsuite> <!-- main.unit.readexcel -->
