<?xml version="1.0" encoding="UTF-8"?>
<!-- Generated by org.testng.reporters.JUnitReportReporter -->
<testsuite hostname="tangtao-PC" name="main.testcase.ReverseScan.getGatheringCode" tests="2" failures="0" timestamp="1 Jun 2016 06:21:41 GMT" time="0.063" errors="0">
  <testcase name="getAuthCode_code" time="0.033" classname="main.testcase.ReverseScan.getGatheringCode"/>
  <testcase name="getAuthCode_code" time="0.030" classname="main.testcase.ReverseScan.getGatheringCode"/>
</testsuite> <!-- main.testcase.ReverseScan.getGatheringCode -->
