<?xml version="1.0" encoding="UTF-8"?>
<!-- Generated by org.testng.reporters.JUnitReportReporter -->
<testsuite hostname="tangtao-PC" name="main.testcase.Setting.personalDataToSee" tests="1" failures="0" timestamp="1 Jun 2016 06:21:41 GMT" time="0.045" errors="0">
  <testcase name="pdte" time="0.045" classname="main.testcase.Setting.personalDataToSee"/>
</testsuite> <!-- main.testcase.Setting.personalDataToSee -->
